<?xml version="1.0" encoding="UTF-8"?><testsuite errors="0" failures="2" name="Autenticacion Andes" skipped="0" tests="22" time="117.56" timestamp="2018-09-27T09:56:57.964-05:00[America/Bogota]"><testcase name="usuario con dato seguro en rojo solicita producto en azul"/><testcase name="usuario con dato seguro en rojo solicita producto en verde"/><testcase name="usuario con dato seguro en rojo solicita producto en rojo"/><testcase name="usuario con dato seguro en rojo y verde solicita producto en rojo"/><testcase name="usuario con dato seguro en rojo y verde solicita producto en verde"/><testcase name="usuario con dato seguro en rojo y verde solicita producto en azul"/><testcase name="usuario con dato seguro en rojo y azul solicita producto en rojo"/><testcase name="usuario con dato seguro en rojo y azul solicita producto en verde"/><testcase name="usuario con dato seguro en rojo y azul solicita producto en azul"/><testcase name="usuario con dato seguro en rojo - azul y verde solicita producto en rojo"/><testcase name="usuario con dato seguro en rojo - azul y verde solicita producto en verde"/><testcase name="usuario con dato seguro en rojo - azul y verde solicita producto en azul"/><testcase name="usuario con dato seguro en verde solicita producto en azul"/><testcase name="usuario con dato seguro en verde solicita producto en verde"/><testcase name="usuario con dato seguro en verde solicita producto en rojo"/><testcase name="usuario con dato seguro en verde y azul solicita producto en rojo"/><testcase name="usuario con dato seguro en verde y azul solicita producto en verde"><failure message="&#10;Expected: &lt;10029&gt;&#10;     but: was &lt;10236&gt;" type="java.lang.AssertionError">
Expected: &lt;10029&gt;
     but: was &lt;10236&gt;</failure><system-err>
Expected: &lt;10029&gt;
     but: was &lt;10236&gt;
co.com.ath.automation.features.steps.Authentication.AuthenticationAssertions.shouldSeeSuccessfulStatusCodePopular(AuthenticationAssertions.java:17)
co.com.ath.automation.features.steps.Authentication.AuthenticationStepsDefinition.Approved_request_green(AuthenticationStepsDefinition.java:234)
✽.Then la peticion debe ser aprobada en verde(Authentication.feature:103)
</system-err></testcase><testcase name="usuario con dato seguro en verde y azul solicita producto en azul"/><testcase name="usuario con dato seguro en azul solicita producto en rojo"/><testcase name="usuario con dato seguro en azul solicita producto en verde"/><testcase name="usuario con dato seguro en azul solicita producto en azul"/><testcase name="usuario sin dato seguro solicita producto"><failure message="&#10;Expected: &lt;10999&gt;&#10;     but: was &lt;10236&gt;" type="java.lang.AssertionError">
Expected: &lt;10999&gt;
     but: was &lt;10236&gt;</failure><system-err>
Expected: &lt;10999&gt;
     but: was &lt;10236&gt;
co.com.ath.automation.features.steps.Authentication.AuthenticationAssertions.aceptadacifin(AuthenticationAssertions.java:32)
co.com.ath.automation.features.steps.Authentication.AuthenticationStepsDefinition.Approved_request_cifin(AuthenticationStepsDefinition.java:244)
✽.Then la peticion debe ser aprobada en cifin(Authentication.feature:133)
</system-err></testcase></testsuite>