<?xml version="1.0" encoding="UTF-8"?>
<testsuite xmlns:xsi="http://www.w3.org/2001/XMLSchema-instance" xsi:noNamespaceSchemaLocation="https://maven.apache.org/surefire/maven-failsafe-plugin/xsd/failsafe-test-report.xsd" name="co.com.ath.automation.features.Runner" time="123.965" tests="88" errors="0" skipped="0" failures="4">
  <properties>
[...]
</properties>
  <testcase name="Given dato seguro en rojo solicita producto en azul" classname="Scenario: usuario con dato seguro en rojo solicita producto en azul" time="0.002"/>
  <testcase name="When el envia la peticion para ser autenticado" classname="Scenario: usuario con dato seguro en rojo solicita producto en azul" time="0"/>
  <testcase name="Then la peticion debe ser aprobada en rojo" classname="Scenario: usuario con dato seguro en rojo solicita producto en azul" time="0"/>
  <testcase name="Scenario: usuario con dato seguro en rojo solicita producto en azul" classname="Scenario: usuario con dato seguro en rojo solicita producto en azul" time="2.058"/>
  <testcase name="Given dato seguro en rojo solicita producto en verde" classname="Scenario: usuario con dato seguro en rojo solicita producto en verde" time="0"/>
  <testcase name="When el envia la peticion para ser autenticado" classname="Scenario: usuario con dato seguro en rojo solicita producto en verde" time="0"/>
  <testcase name="Then la peticion debe ser aprobada en rojo" classname="Scenario: usuario con dato seguro en rojo solicita producto en verde" time="0"/>
  <testcase name="Scenario: usuario con dato seguro en rojo solicita producto en verde" classname="Scenario: usuario con dato seguro en rojo solicita producto en verde" time="0.13"/>
  <testcase name="Given dato seguro en rojo solicita producto en rojo" classname="Scenario: usuario con dato seguro en rojo solicita producto en rojo" time="0"/>
  <testcase name="When el envia la peticion para ser autenticado" classname="Scenario: usuario con dato seguro en rojo solicita producto en rojo" time="0"/>
  <testcase name="Then la peticion debe ser aprobada en rojo" classname="Scenario: usuario con dato seguro en rojo solicita producto en rojo" time="0"/>
  <testcase name="Scenario: usuario con dato seguro en rojo solicita producto en rojo" classname="Scenario: usuario con dato seguro en rojo solicita producto en rojo" time="0.141"/>
  <testcase name="Given dato seguro en rojo y verde solicita producto en rojo" classname="Scenario: usuario con dato seguro en rojo y verde solicita producto en rojo" time="0"/>
  <testcase name="When el envia la peticion para ser autenticado" classname="Scenario: usuario con dato seguro en rojo y verde solicita producto en rojo" time="0"/>
  <testcase name="Then la peticion debe ser aprobada en rojo" classname="Scenario: usuario con dato seguro en rojo y verde solicita producto en rojo" time="0"/>
  <testcase name="Scenario: usuario con dato seguro en rojo y verde solicita producto en rojo" classname="Scenario: usuario con dato seguro en rojo y verde solicita producto en rojo" time="0.074"/>
  <testcase name="Given dato seguro en rojo y verde solicita producto en verde" classname="Scenario: usuario con dato seguro en rojo y verde solicita producto en verde" time="0"/>
  <testcase name="When el envia la peticion para ser autenticado" classname="Scenario: usuario con dato seguro en rojo y verde solicita producto en verde" time="0"/>
  <testcase name="Then la peticion debe ser aprobada en verde" classname="Scenario: usuario con dato seguro en rojo y verde solicita producto en verde" time="0"/>
  <testcase name="Scenario: usuario con dato seguro en rojo y verde solicita producto en verde" classname="Scenario: usuario con dato seguro en rojo y verde solicita producto en verde" time="0.11"/>
  <testcase name="Given dato seguro en rojo y verde solicita producto en azul" classname="Scenario: usuario con dato seguro en rojo y verde solicita producto en azul" time="0"/>
  <testcase name="When el envia la peticion para ser autenticado" classname="Scenario: usuario con dato seguro en rojo y verde solicita producto en azul" time="0"/>
  <testcase name="Then la peticion debe ser aprobada en rojo" classname="Scenario: usuario con dato seguro en rojo y verde solicita producto en azul" time="0"/>
  <testcase name="Scenario: usuario con dato seguro en rojo y verde solicita producto en azul" classname="Scenario: usuario con dato seguro en rojo y verde solicita producto en azul" time="0.115"/>
  <testcase name="Given dato seguro en rojo y azul solicita producto en rojo" classname="Scenario: usuario con dato seguro en rojo y azul solicita producto en rojo" time="0"/>
  <testcase name="When el envia la peticion para ser autenticado" classname="Scenario: usuario con dato seguro en rojo y azul solicita producto en rojo" time="0"/>
  <testcase name="Then la peticion debe ser aprobada en rojo" classname="Scenario: usuario con dato seguro en rojo y azul solicita producto en rojo" time="0"/>
  <testcase name="Scenario: usuario con dato seguro en rojo y azul solicita producto en rojo" classname="Scenario: usuario con dato seguro en rojo y azul solicita producto en rojo" time="0.089"/>
  <testcase name="Given dato seguro en rojo y azul solicita producto en verde" classname="Scenario: usuario con dato seguro en rojo y azul solicita producto en verde" time="0"/>
  <testcase name="When el envia la peticion para ser autenticado" classname="Scenario: usuario con dato seguro en rojo y azul solicita producto en verde" time="0"/>
  <testcase name="Then la peticion debe ser aprobada en rojo" classname="Scenario: usuario con dato seguro en rojo y azul solicita producto en verde" time="0"/>
  <testcase name="Scenario: usuario con dato seguro en rojo y azul solicita producto en verde" classname="Scenario: usuario con dato seguro en rojo y azul solicita producto en verde" time="0.094"/>
  <testcase name="Given dato seguro en rojo y azul solicita producto en azul" classname="Scenario: usuario con dato seguro en rojo y azul solicita producto en azul" time="0"/>
  <testcase name="When el envia la peticion para ser autenticado" classname="Scenario: usuario con dato seguro en rojo y azul solicita producto en azul" time="0"/>
  <testcase name="Then la peticion debe ser aprobada en azul" classname="Scenario: usuario con dato seguro en rojo y azul solicita producto en azul" time="0"/>
  <testcase name="Scenario: usuario con dato seguro en rojo y azul solicita producto en azul" classname="Scenario: usuario con dato seguro en rojo y azul solicita producto en azul" time="0.102"/>
  <testcase name="Given dato seguro en rojo - azul y verde solicita producto en rojo" classname="Scenario: usuario con dato seguro en rojo - azul y verde solicita producto en rojo" time="0"/>
  <testcase name="When el envia la peticion para ser autenticado" classname="Scenario: usuario con dato seguro en rojo - azul y verde solicita producto en rojo" time="0"/>
  <testcase name="Then la peticion debe ser aprobada en rojo" classname="Scenario: usuario con dato seguro en rojo - azul y verde solicita producto en rojo" time="0"/>
  <testcase name="Scenario: usuario con dato seguro en rojo - azul y verde solicita producto en rojo" classname="Scenario: usuario con dato seguro en rojo - azul y verde solicita producto en rojo" time="0.167"/>
  <testcase name="Given dato seguro en rojo - azul y verde solicita producto en verde" classname="Scenario: usuario con dato seguro en rojo - azul y verde solicita producto en verde" time="0"/>
  <testcase name="When el envia la peticion para ser autenticado" classname="Scenario: usuario con dato seguro en rojo - azul y verde solicita producto en verde" time="0"/>
  <testcase name="Then la peticion debe ser aprobada en verde" classname="Scenario: usuario con dato seguro en rojo - azul y verde solicita producto en verde" time="0"/>
  <testcase name="Scenario: usuario con dato seguro en rojo - azul y verde solicita producto en verde" classname="Scenario: usuario con dato seguro en rojo - azul y verde solicita producto en verde" time="0.131"/>
  <testcase name="Given dato seguro en rojo - azul y verde solicita producto en azul" classname="Scenario: usuario con dato seguro en rojo - azul y verde solicita producto en azul" time="0"/>
  <testcase name="When el envia la peticion para ser autenticado" classname="Scenario: usuario con dato seguro en rojo - azul y verde solicita producto en azul" time="0"/>
  <testcase name="Then la peticion debe ser aprobada en azul" classname="Scenario: usuario con dato seguro en rojo - azul y verde solicita producto en azul" time="0"/>
  <testcase name="Scenario: usuario con dato seguro en rojo - azul y verde solicita producto en azul" classname="Scenario: usuario con dato seguro en rojo - azul y verde solicita producto en azul" time="0.117"/>
  <testcase name="Given dato seguro en verde solicita producto en azul" classname="Scenario: usuario con dato seguro en verde solicita producto en azul" time="0"/>
  <testcase name="When el envia la peticion para ser autenticado" classname="Scenario: usuario con dato seguro en verde solicita producto en azul" time="0"/>
  <testcase name="Then la peticion debe ser aprobada en verde" classname="Scenario: usuario con dato seguro en verde solicita producto en azul" time="0"/>
  <testcase name="Scenario: usuario con dato seguro en verde solicita producto en azul" classname="Scenario: usuario con dato seguro en verde solicita producto en azul" time="0.159"/>
  <testcase name="Given dato seguro en verde solicita producto en verde" classname="Scenario: usuario con dato seguro en verde solicita producto en verde" time="0"/>
  <testcase name="When el envia la peticion para ser autenticado" classname="Scenario: usuario con dato seguro en verde solicita producto en verde" time="0"/>
  <testcase name="Then la peticion debe ser aprobada en verde" classname="Scenario: usuario con dato seguro en verde solicita producto en verde" time="0"/>
  <testcase name="Scenario: usuario con dato seguro en verde solicita producto en verde" classname="Scenario: usuario con dato seguro en verde solicita producto en verde" time="0.136"/>
  <testcase name="Given dato seguro en verde solicita producto en rojo" classname="Scenario: usuario con dato seguro en verde solicita producto en rojo" time="0.001"/>
  <testcase name="When el envia la peticion para ser autenticado" classname="Scenario: usuario con dato seguro en verde solicita producto en rojo" time="0"/>
  <testcase name="Then la peticion debe ser aprobada en verde" classname="Scenario: usuario con dato seguro en verde solicita producto en rojo" time="0"/>
  <testcase name="Scenario: usuario con dato seguro en verde solicita producto en rojo" classname="Scenario: usuario con dato seguro en verde solicita producto en rojo" time="0.142"/>
  <testcase name="Given dato seguro en verde y azul solicita producto en rojo" classname="Scenario: usuario con dato seguro en verde y azul solicita producto en rojo" time="0"/>
  <testcase name="When el envia la peticion para ser autenticado" classname="Scenario: usuario con dato seguro en verde y azul solicita producto en rojo" time="0"/>
  <testcase name="Then la peticion debe ser aprobada en azul" classname="Scenario: usuario con dato seguro en verde y azul solicita producto en rojo" time="0"/>
  <testcase name="Scenario: usuario con dato seguro en verde y azul solicita producto en rojo" classname="Scenario: usuario con dato seguro en verde y azul solicita producto en rojo" time="0.152"/>
  <testcase name="Given dato seguro en verde y azul solicita producto en verde" classname="Scenario: usuario con dato seguro en verde y azul solicita producto en verde" time="0"/>
  <testcase name="When el envia la peticion para ser autenticado" classname="Scenario: usuario con dato seguro en verde y azul solicita producto en verde" time="0"/>
  <testcase name="Then la peticion debe ser aprobada en verde" classname="Scenario: usuario con dato seguro en verde y azul solicita producto en verde" time="0.006">
    <failure message="&#10;Expected: &lt;10029&gt;&#10;     but: was &lt;10236&gt;" type="java.lang.AssertionError"><![CDATA[java.lang.AssertionError: 

Expected: <10029>
     but: was <10236>
]]></failure>
  </testcase>
  <testcase name="Scenario: usuario con dato seguro en verde y azul solicita producto en verde" classname="Scenario: usuario con dato seguro en verde y azul solicita producto en verde" time="0.006">
    <failure message="&#10;Expected: &lt;10029&gt;&#10;     but: was &lt;10236&gt;" type="java.lang.AssertionError"><![CDATA[java.lang.AssertionError: 

Expected: <10029>
     but: was <10236>
]]></failure>
  </testcase>
  <testcase name="Given dato seguro en verde y azul solicita producto en azul" classname="Scenario: usuario con dato seguro en verde y azul solicita producto en azul" time="0"/>
  <testcase name="When el envia la peticion para ser autenticado" classname="Scenario: usuario con dato seguro en verde y azul solicita producto en azul" time="0"/>
  <testcase name="Then la peticion debe ser aprobada en azul" classname="Scenario: usuario con dato seguro en verde y azul solicita producto en azul" time="0"/>
  <testcase name="Scenario: usuario con dato seguro en verde y azul solicita producto en azul" classname="Scenario: usuario con dato seguro en verde y azul solicita producto en azul" time="0.118"/>
  <testcase name="Given dato seguro en azul solicita producto en rojo" classname="Scenario: usuario con dato seguro en azul solicita producto en rojo" time="0"/>
  <testcase name="When el envia la peticion para ser autenticado" classname="Scenario: usuario con dato seguro en azul solicita producto en rojo" time="0"/>
  <testcase name="Then la peticion debe ser aprobada en azul" classname="Scenario: usuario con dato seguro en azul solicita producto en rojo" time="0"/>
  <testcase name="Scenario: usuario con dato seguro en azul solicita producto en rojo" classname="Scenario: usuario con dato seguro en azul solicita producto en rojo" time="0.176"/>
  <testcase name="Given dato seguro en azul solicita producto en verde" classname="Scenario: usuario con dato seguro en azul solicita producto en verde" time="0"/>
  <testcase name="When el envia la peticion para ser autenticado" classname="Scenario: usuario con dato seguro en azul solicita producto en verde" time="0"/>
  <testcase name="Then la peticion debe ser aprobada en azul" classname="Scenario: usuario con dato seguro en azul solicita producto en verde" time="0"/>
  <testcase name="Scenario: usuario con dato seguro en azul solicita producto en verde" classname="Scenario: usuario con dato seguro en azul solicita producto en verde" time="0.127"/>
  <testcase name="Given dato seguro en azul solicita producto en azul" classname="Scenario: usuario con dato seguro en azul solicita producto en azul" time="0"/>
  <testcase name="When el envia la peticion para ser autenticado" classname="Scenario: usuario con dato seguro en azul solicita producto en azul" time="0"/>
  <testcase name="Then la peticion debe ser aprobada en azul" classname="Scenario: usuario con dato seguro en azul solicita producto en azul" time="0"/>
  <testcase name="Scenario: usuario con dato seguro en azul solicita producto en azul" classname="Scenario: usuario con dato seguro en azul solicita producto en azul" time="0.14"/>
  <testcase name="Given usuario sin dato seguro solicita producto" classname="Scenario: usuario sin dato seguro solicita producto" time="0"/>
  <testcase name="When el envia la peticion para ser autenticado" classname="Scenario: usuario sin dato seguro solicita producto" time="0"/>
  <testcase name="Then la peticion debe ser aprobada en cifin" classname="Scenario: usuario sin dato seguro solicita producto" time="0.001">
    <failure message="&#10;Expected: &lt;10999&gt;&#10;     but: was &lt;10236&gt;" type="java.lang.AssertionError"><![CDATA[java.lang.AssertionError: 

Expected: <10999>
     but: was <10236>
]]></failure>
  </testcase>
  <testcase name="Scenario: usuario sin dato seguro solicita producto" classname="Scenario: usuario sin dato seguro solicita producto" time="0.001">
    <failure message="&#10;Expected: &lt;10999&gt;&#10;     but: was &lt;10236&gt;" type="java.lang.AssertionError"><![CDATA[java.lang.AssertionError: 

Expected: <10999>
     but: was <10236>
]]></failure>
  </testcase>
</testsuite>