<?xml version="1.0" encoding="UTF-8"?>
<testsuite xmlns:xsi="http://www.w3.org/2001/XMLSchema-instance" xsi:noNamespaceSchemaLocation="https://maven.apache.org/surefire/maven-failsafe-plugin/xsd/failsafe-test-report.xsd" name="co.com.ath.automation.features.Runner" time="55.442" tests="80" errors="0" skipped="0" failures="8">
  <properties>
[...]
</properties>
  <testcase name="Given un usuario con datos seguro en rojo solicita autenticacion en el banco azul" classname="| rojo | azul | rojo |" time="0.001"/>
  <testcase name="When el envia la peticion para ser autenticado" classname="| rojo | azul | rojo |" time="0"/>
  <testcase name="Then La peticion debe ser contestada por el rojo" classname="| rojo | azul | rojo |" time="0"/>
  <testcase name="| rojo | azul | rojo |" classname="| rojo | azul | rojo |" time="0.006"/>
  <testcase name="Given un usuario con datos seguro en rojo solicita autenticacion en el banco verde" classname="| rojo | verde | rojo |" time="0"/>
  <testcase name="When el envia la peticion para ser autenticado" classname="| rojo | verde | rojo |" time="0"/>
  <testcase name="Then La peticion debe ser contestada por el rojo" classname="| rojo | verde | rojo |" time="0"/>
  <testcase name="| rojo | verde | rojo |" classname="| rojo | verde | rojo |" time="0.002"/>
  <testcase name="Given un usuario con datos seguro en rojo solicita autenticacion en el banco rojo" classname="| rojo | rojo | rojo |" time="0"/>
  <testcase name="When el envia la peticion para ser autenticado" classname="| rojo | rojo | rojo |" time="0"/>
  <testcase name="Then La peticion debe ser contestada por el rojo" classname="| rojo | rojo | rojo |" time="0"/>
  <testcase name="| rojo | rojo | rojo |" classname="| rojo | rojo | rojo |" time="0.007"/>
  <testcase name="Given un usuario con datos seguro en azul solicita autenticacion en el banco azul" classname="| azul | azul | azul |" time="0"/>
  <testcase name="When el envia la peticion para ser autenticado" classname="| azul | azul | azul |" time="0"/>
  <testcase name="Then La peticion debe ser contestada por el azul" classname="| azul | azul | azul |" time="0"/>
  <testcase name="| azul | azul | azul |" classname="| azul | azul | azul |" time="0.002"/>
  <testcase name="Given un usuario con datos seguro en azul solicita autenticacion en el banco verde" classname="| azul | verde | azul |" time="0"/>
  <testcase name="When el envia la peticion para ser autenticado" classname="| azul | verde | azul |" time="0"/>
  <testcase name="Then La peticion debe ser contestada por el azul" classname="| azul | verde | azul |" time="0"/>
  <testcase name="| azul | verde | azul |" classname="| azul | verde | azul |" time="0.003"/>
  <testcase name="Given un usuario con datos seguro en azul solicita autenticacion en el banco rojo" classname="| azul | rojo | azul |" time="0"/>
  <testcase name="When el envia la peticion para ser autenticado" classname="| azul | rojo | azul |" time="0"/>
  <testcase name="Then La peticion debe ser contestada por el azul" classname="| azul | rojo | azul |" time="0"/>
  <testcase name="| azul | rojo | azul |" classname="| azul | rojo | azul |" time="0.002"/>
  <testcase name="Given un usuario con datos seguro en verde solicita autenticacion en el banco azul" classname="| verde | azul | verde |" time="0"/>
  <testcase name="When el envia la peticion para ser autenticado" classname="| verde | azul | verde |" time="0"/>
  <testcase name="Then La peticion debe ser contestada por el verde" classname="| verde | azul | verde |" time="0"/>
  <testcase name="| verde | azul | verde |" classname="| verde | azul | verde |" time="0.002"/>
  <testcase name="Given un usuario con datos seguro en verde solicita autenticacion en el banco verde" classname="| verde | verde | verde |" time="0"/>
  <testcase name="When el envia la peticion para ser autenticado" classname="| verde | verde | verde |" time="0"/>
  <testcase name="Then La peticion debe ser contestada por el verde" classname="| verde | verde | verde |" time="0"/>
  <testcase name="| verde | verde | verde |" classname="| verde | verde | verde |" time="0.003"/>
  <testcase name="Given un usuario con datos seguro en verde solicita autenticacion en el banco rojo" classname="| verde | rojo | verde |" time="0"/>
  <testcase name="When el envia la peticion para ser autenticado" classname="| verde | rojo | verde |" time="0"/>
  <testcase name="Then La peticion debe ser contestada por el verde" classname="| verde | rojo | verde |" time="0"/>
  <testcase name="| verde | rojo | verde |" classname="| verde | rojo | verde |" time="0.001"/>
  <testcase name="Given un usuario con datos seguro en rojo - azul solicita autenticacion en el banco azul" classname="| rojo - azul | azul | azul |" time="0"/>
  <testcase name="When el envia la peticion para ser autenticado" classname="| rojo - azul | azul | azul |" time="0"/>
  <testcase name="Then La peticion debe ser contestada por el azul" classname="| rojo - azul | azul | azul |" time="0"/>
  <testcase name="| rojo - azul | azul | azul |" classname="| rojo - azul | azul | azul |" time="0.003"/>
  <testcase name="Given un usuario con datos seguro en rojo - azul solicita autenticacion en el banco verde" classname="| rojo - azul | verde | rojo |" time="0"/>
  <testcase name="When el envia la peticion para ser autenticado" classname="| rojo - azul | verde | rojo |" time="0"/>
  <testcase name="Then La peticion debe ser contestada por el rojo" classname="| rojo - azul | verde | rojo |" time="0.001"/>
  <testcase name="| rojo - azul | verde | rojo |" classname="| rojo - azul | verde | rojo |" time="0.005"/>
  <testcase name="Given un usuario con datos seguro en rojo - azul solicita autenticacion en el banco rojo" classname="| rojo - azul | rojo | rojo |" time="0"/>
  <testcase name="When el envia la peticion para ser autenticado" classname="| rojo - azul | rojo | rojo |" time="0"/>
  <testcase name="Then La peticion debe ser contestada por el rojo" classname="| rojo - azul | rojo | rojo |" time="0"/>
  <testcase name="| rojo - azul | rojo | rojo |" classname="| rojo - azul | rojo | rojo |" time="0.001"/>
  <testcase name="Given un usuario con datos seguro en rojo - verde solicita autenticacion en el banco azul" classname="| rojo - verde | azul | rojo |" time="0"/>
  <testcase name="When el envia la peticion para ser autenticado" classname="| rojo - verde | azul | rojo |" time="0"/>
  <testcase name="Then La peticion debe ser contestada por el rojo" classname="| rojo - verde | azul | rojo |" time="0"/>
  <testcase name="| rojo - verde | azul | rojo |" classname="| rojo - verde | azul | rojo |" time="0.003"/>
  <testcase name="Given un usuario con datos seguro en rojo - verde solicita autenticacion en el banco verde" classname="| rojo - verde | verde | verde |" time="0"/>
  <testcase name="When el envia la peticion para ser autenticado" classname="| rojo - verde | verde | verde |" time="0"/>
  <testcase name="Then La peticion debe ser contestada por el verde" classname="| rojo - verde | verde | verde |" time="0"/>
  <testcase name="| rojo - verde | verde | verde |" classname="| rojo - verde | verde | verde |" time="0.002"/>
  <testcase name="Given un usuario con datos seguro en rojo - verde solicita autenticacion en el banco rojo" classname="| rojo - verde | rojo | rojo |" time="0"/>
  <testcase name="When el envia la peticion para ser autenticado" classname="| rojo - verde | rojo | rojo |" time="0"/>
  <testcase name="Then La peticion debe ser contestada por el rojo" classname="| rojo - verde | rojo | rojo |" time="0"/>
  <testcase name="| rojo - verde | rojo | rojo |" classname="| rojo - verde | rojo | rojo |" time="0.001"/>
  <testcase name="Given un usuario con datos seguro en rojo - azul - verde solicita autenticacion en el banco azul" classname="| rojo - azul - verde | azul | azul |" time="0.001"/>
  <testcase name="When el envia la peticion para ser autenticado" classname="| rojo - azul - verde | azul | azul |" time="0"/>
  <testcase name="Then La peticion debe ser contestada por el azul" classname="| rojo - azul - verde | azul | azul |" time="0.001"/>
  <testcase name="| rojo - azul - verde | azul | azul |" classname="| rojo - azul - verde | azul | azul |" time="2.574"/>
  <testcase name="Given un usuario que esta registrado en datacredito solicita validacion en el banco azul" classname="| azul |" time="0"/>
  <testcase name="When el envia la peticion para ser autenticado" classname="| azul |" time="0"/>
  <testcase name="When el envia la peticion para ser autenticado" classname="| azul |" time="0.002"/>
  <testcase name="Then La peticion debe ser contestada por datacredito" classname="| azul |" time="0.006">
    <failure message="&#10;Expected: &lt;0&gt;&#10;     but: was &lt;500&gt;" type="java.lang.AssertionError"><![CDATA[java.lang.AssertionError: 

Expected: <0>
     but: was <500>
]]></failure>
  </testcase>
  <testcase name="| azul |" classname="| azul |" time="0.006">
    <failure message="&#10;Expected: &lt;0&gt;&#10;     but: was &lt;500&gt;" type="java.lang.AssertionError"><![CDATA[java.lang.AssertionError: 

Expected: <0>
     but: was <500>
]]></failure>
  </testcase>
  <testcase name="| azul |" classname="| azul |" time="0.001">
    <failure message="&#10;Expected: &quot;00010999&quot;&#10;     but: was null" type="java.lang.AssertionError">java.lang.AssertionError: 

Expected: "00010999"
     but: was null
</failure>
  </testcase>
  <testcase name="Given un usuario que esta registrado en datacredito solicita validacion en el banco verde" classname="| verde |" time="0"/>
  <testcase name="When el envia la peticion para ser autenticado" classname="| verde |" time="0"/>
  <testcase name="When el envia la peticion para ser autenticado" classname="| verde |" time="0"/>
  <testcase name="Then La peticion debe ser contestada por datacredito" classname="| verde |" time="0">
    <failure message="&#10;Expected: &lt;0&gt;&#10;     but: was &lt;500&gt;" type="java.lang.AssertionError"><![CDATA[java.lang.AssertionError: 

Expected: <0>
     but: was <500>
]]></failure>
  </testcase>
  <testcase name="| verde |" classname="| verde |" time="0">
    <failure message="&#10;Expected: &lt;0&gt;&#10;     but: was &lt;500&gt;" type="java.lang.AssertionError"><![CDATA[java.lang.AssertionError: 

Expected: <0>
     but: was <500>
]]></failure>
  </testcase>
  <testcase name="| verde |" classname="| verde |" time="0.001">
    <failure message="&#10;Expected: &quot;00010999&quot;&#10;     but: was null" type="java.lang.AssertionError">java.lang.AssertionError: 

Expected: "00010999"
     but: was null
</failure>
  </testcase>
  <testcase name="Given un usuario que esta registrado en cifin solicita validacion en el banco azul" classname="| azul |" time="0"/>
  <testcase name="Then La peticion debe ser contestada por cifin" classname="| azul |" time="0.001">
    <failure message="&#10;Expected: &quot;00010999&quot;&#10;     but: was null" type="java.lang.AssertionError">java.lang.AssertionError: 

Expected: "00010999"
     but: was null
</failure>
  </testcase>
  <testcase name="Given un usuario que esta registrado en cifin solicita validacion en el banco verde" classname="| verde |" time="0"/>
  <testcase name="Then La peticion debe ser contestada por cifin" classname="| verde |" time="0">
    <failure message="&#10;Expected: &quot;00010999&quot;&#10;     but: was null" type="java.lang.AssertionError">java.lang.AssertionError: 

Expected: "00010999"
     but: was null
</failure>
  </testcase>
</testsuite>