<?xml version="1.0" encoding="UTF-8"?><testsuite errors="0" failures="0" name="Firma Pagare Deceval" skipped="0" tests="13" time="73.51" timestamp="2018-10-03T11:48:19.142-05:00[America/Bogota]"><testcase name="Consulta de pagare en deceval sin pdf"/><testcase name="Consulta de pagare en deceval con pdf"/><testcase name="usuario nuevo crea otorgante"/><testcase name="usuario nuevo crea pagare"/><testcase name="usuario nuevo Firma pagare"/><testcase name="usuario crea nuevo otorgante con fecha hoy incorrecta"/><testcase name="usuario envia creacion otorgante sin numero documento"/><testcase name="usuario envia solicitud de consulta pagare con pdf con id inexistente"/><testcase name="usuario envia solicitud de consulta con fecha hoy incorrecta"/><testcase name="usuario envia solicitud de consulta sin algun campo obligatorio"/><testcase name="usuario solicita crear pagare sin cuenta otorgante"/><testcase name="usuario solicita crear pagare sin numero pagare entidad"/><testcase name="usuario solicita firmar pagare con id pagare"/></testsuite>